2025-04-19 12:12:49,019 - INFO - Starting cement bag detection training...
2025-04-19 12:12:49,021 - INFO - Verifying dataset structure...
2025-04-19 12:12:49,039 - INFO - Training images: 2035
2025-04-19 12:12:49,040 - INFO - Training labels: 2035
2025-04-19 12:12:49,040 - INFO - Validation images: 2544
2025-04-19 12:12:49,041 - INFO - Validation labels: 2544
2025-04-19 12:12:49,041 - INFO - Setting up training environment...
2025-04-19 12:12:49,044 - INFO - Initializing YOLOv8 model...
2025-04-19 12:12:49,101 - INFO - Starting training...
2025-04-19 12:12:49,103 - INFO - Training parameters: {'data': 'Combined_CementBag_Dataset/data.yaml', 'epochs': 100, 'imgsz': 640, 'batch': 4, 'device': 0, 'patience': 50, 'save_period': 10, 'amp': True, 'workers': 4, 'cache': 'ram', 'augment': True, 'optimizer': 'auto', 'lr0': 0.01, 'lrf': 0.01, 'momentum': 0.937, 'weight_decay': 0.0005, 'warmup_epochs': 3.0, 'warmup_momentum': 0.8, 'warmup_bias_lr': 0.1, 'project': 'runs\\detect', 'name': 'cement_bags_20250419_121249', 'exist_ok': True, 'verbose': True}
2025-04-19 12:14:08,256 - INFO - Starting cement bag detection training...
2025-04-19 12:14:08,256 - INFO - Verifying dataset structure...
2025-04-19 12:14:08,271 - INFO - Training images: 2035
2025-04-19 12:14:08,271 - INFO - Training labels: 2035
2025-04-19 12:14:08,271 - INFO - Validation images: 2544
2025-04-19 12:14:08,271 - INFO - Validation labels: 2544
2025-04-19 12:14:08,272 - INFO - Setting up training environment...
2025-04-19 12:14:08,273 - INFO - Initializing YOLOv8 model...
2025-04-19 12:14:08,303 - INFO - Starting training...
2025-04-19 12:14:08,304 - INFO - Training parameters: {'data': 'Combined_CementBag_Dataset/data.yaml', 'epochs': 100, 'imgsz': 640, 'batch': 4, 'device': 0, 'patience': 50, 'save_period': 10, 'amp': True, 'workers': 4, 'cache': 'ram', 'augment': True, 'optimizer': 'auto', 'lr0': 0.01, 'lrf': 0.01, 'momentum': 0.937, 'weight_decay': 0.0005, 'warmup_epochs': 3.0, 'warmup_momentum': 0.8, 'warmup_bias_lr': 0.1, 'project': 'runs\\detect', 'name': 'cement_bags_20250419_121408', 'exist_ok': True, 'verbose': True}
2025-04-19 12:14:08,522 - ERROR - Training failed: Dataset 'Combined_CementBag_Dataset/data.yaml' error  
Dataset 'Combined_CementBag_Dataset/data.yaml' images not found , missing path 'C:\Users\techs\Downloads\dataset convertor\yolov5\datasets\Combined_CementBag_Dataset\Combined_CementBag_Dataset\valid\images'
Note dataset download directory is 'C:\Users\techs\Downloads\dataset convertor\yolov5\datasets'. You can update this in 'C:\Users\techs\AppData\Roaming\Ultralytics\settings.json'
2025-04-19 12:14:08,540 - INFO - Emergency model state saved as 'emergency_save.pt'
2025-04-19 12:14:08,540 - INFO - Training failed!
2025-04-19 12:14:40,644 - INFO - Starting cement bag detection training...
2025-04-19 12:14:40,644 - INFO - Verifying dataset structure...
2025-04-19 12:14:40,659 - INFO - Training images: 2035
2025-04-19 12:14:40,659 - INFO - Training labels: 2035
2025-04-19 12:14:40,659 - INFO - Validation images: 2544
2025-04-19 12:14:40,660 - INFO - Validation labels: 2544
2025-04-19 12:14:40,660 - INFO - Setting up training environment...
2025-04-19 12:14:40,660 - INFO - Initializing YOLOv8 model...
2025-04-19 12:14:40,686 - INFO - Starting training...
2025-04-19 12:14:40,686 - INFO - Training parameters: {'data': 'E:\\jsw_object_training\\Combined_CementBag_Dataset/data.yaml', 'epochs': 100, 'imgsz': 640, 'batch': 4, 'device': 0, 'patience': 50, 'save_period': 10, 'amp': True, 'workers': 4, 'cache': 'ram', 'augment': True, 'optimizer': 'auto', 'lr0': 0.01, 'lrf': 0.01, 'momentum': 0.937, 'weight_decay': 0.0005, 'warmup_epochs': 3.0, 'warmup_momentum': 0.8, 'warmup_bias_lr': 0.1, 'project': 'runs\\detect', 'name': 'cement_bags_20250419_121440', 'exist_ok': True, 'verbose': True}
2025-04-19 13:34:41,258 - INFO - Best model saved as 'best_cement_bags.pt'
2025-04-19 13:34:41,259 - INFO - Training completed successfully!
2025-04-19 13:34:41,260 - INFO - Training completed successfully!
